2025-07-18 01:47:58.275 [info] Name: Black Formatter
2025-07-18 01:47:58.276 [info] Module: black
2025-07-18 01:47:58.276 [info] Default formatter is set to null for workspace /home/frost/VS CODE FILES
2025-07-18 01:47:58.276 [warning] Black Formatter is NOT set as the default formatter for workspace /home/frost/VS CODE FILES
2025-07-18 01:47:58.276 [warning] To set Black Formatter as the default formatter, add the following to your settings.json file:
2025-07-18 01:47:58.276 [warning] 
"[python]": {
    "editor.defaultFormatter": "ms-python.black-formatter"
}
2025-07-18 01:47:58.276 [info] Python extension loading
2025-07-18 01:47:58.276 [info] Waiting for interpreter from Python extension.
2025-07-18 01:47:58.276 [info] No interpreter found from setting black-formatter.interpreter
2025-07-18 01:47:58.276 [info] Getting interpreter from ms-python.python extension for workspace /home/frost/VS CODE FILES
2025-07-18 01:47:58.276 [info] Python extension loaded
2025-07-18 01:47:58.276 [info] Interpreter from ms-python.python extension for /home/frost/VS CODE FILES: /home/frost/VS CODE FILES/.venv/bin/python
2025-07-18 01:47:58.276 [info] Workspace settings for /home/frost/VS CODE FILES (client side): {
    "cwd": "/home/frost/VS CODE FILES",
    "workspace": "file:///home/frost/VS%20CODE%20FILES",
    "args": [],
    "path": [],
    "interpreter": [
        "/home/frost/VS CODE FILES/.venv/bin/python"
    ],
    "importStrategy": "useBundled",
    "showNotifications": "off"
}
2025-07-18 01:47:58.276 [info] No interpreter found from setting black-formatter.interpreter
2025-07-18 01:47:58.276 [info] Getting interpreter from ms-python.python extension for workspace /home/frost/VS CODE FILES
2025-07-18 01:47:58.276 [info] Interpreter from ms-python.python extension for /home/frost/VS CODE FILES: /home/frost/VS CODE FILES/.venv/bin/python
2025-07-18 01:47:58.276 [info] Workspace settings for /home/frost/VS CODE FILES (client side): {
    "cwd": "/home/frost/VS CODE FILES",
    "workspace": "file:///home/frost/VS%20CODE%20FILES",
    "args": [],
    "path": [],
    "interpreter": [
        "/home/frost/VS CODE FILES/.venv/bin/python"
    ],
    "importStrategy": "useBundled",
    "showNotifications": "off"
}
2025-07-18 01:47:58.276 [info] Global settings (client side): {
    "cwd": "/home/frost",
    "workspace": "/home/frost",
    "args": [],
    "path": [],
    "interpreter": [],
    "importStrategy": "useBundled",
    "showNotifications": "off"
}
2025-07-18 01:47:58.276 [info] Server run command: /home/frost/VS CODE FILES/.venv/bin/python /home/frost/.vscode/extensions/ms-python.black-formatter-2025.2.0/bundled/tool/lsp_server.py
2025-07-18 01:47:58.276 [info] Server: Start requested.
2025-07-18 01:47:58.717 [info] CWD Server: /home/frost/VS CODE FILES
2025-07-18 01:47:58.718 [info] Settings received on server:
[
    {
        "cwd": "/home/frost/VS CODE FILES",
        "workspace": "file:///home/frost/VS%20CODE%20FILES",
        "args": [],
        "path": [],
        "interpreter": [
            "/home/frost/VS CODE FILES/.venv/bin/python"
        ],
        "importStrategy": "useBundled",
        "showNotifications": "off"
    }
]

2025-07-18 01:47:58.718 [info] Global settings received on server:
{
    "cwd": "/home/frost",
    "workspace": "/home/frost",
    "args": [],
    "path": [],
    "interpreter": [],
    "importStrategy": "useBundled",
    "showNotifications": "off"
}

2025-07-18 01:47:58.718 [info] sys.path used to run Server:
   /home/frost/.vscode/extensions/ms-python.black-formatter-2025.2.0/bundled/libs
   /home/frost/.vscode/extensions/ms-python.black-formatter-2025.2.0/bundled/tool
   /usr/lib64/python313.zip
   /usr/lib64/python3.13
   /usr/lib64/python3.13/lib-dynload
   /home/frost/VS CODE FILES/.venv/lib64/python3.13/site-packages
   /home/frost/VS CODE FILES/.venv/lib/python3.13/site-packages
2025-07-18 01:47:58.718 [info] /home/frost/VS CODE FILES/.venv/bin/python -m black --version
2025-07-18 01:47:58.718 [info] CWD formatter: /home/frost/VS CODE FILES
2025-07-18 01:47:58.878 [info] Version info for formatter running for /home/frost/VS CODE FILES:
black, 25.1.0 (compiled: no)
Python (CPython) 3.13.5

2025-07-18 01:47:58.889 [info] SUPPORTED black>=22.3.0
FOUND black==25.1.0

