2025-07-15 01:48:42.684 [info] Reading sessions from keychain...
2025-07-15 01:48:42.684 [info] Getting sessions for all scopes...
2025-07-15 01:48:42.684 [info] Got stored sessions!
2025-07-15 01:48:42.684 [info] Got 1 verified sessions.
2025-07-15 01:48:42.684 [info] Got 1 sessions for ...
2025-07-15 01:48:42.684 [info] Getting sessions for all scopes...
2025-07-15 01:48:42.684 [info] Got 1 sessions for ...
2025-07-15 01:48:42.684 [info] Getting sessions for all scopes...
2025-07-15 01:48:42.684 [info] Got 1 sessions for ...
2025-07-15 01:48:42.684 [info] Getting sessions for all scopes...
2025-07-15 01:48:42.684 [info] Got 1 sessions for ...
2025-07-15 01:48:42.684 [info] Getting sessions for user:email...
2025-07-15 01:48:42.684 [info] Got 1 sessions for user:email...
2025-07-15 01:48:42.684 [info] Getting sessions for all scopes...
2025-07-15 01:48:42.684 [info] Got 1 sessions for ...
2025-07-15 01:48:42.684 [info] Getting sessions for all scopes...
2025-07-15 01:48:42.684 [info] Got 1 sessions for ...
2025-07-15 01:48:42.684 [info] Getting sessions for all scopes...
2025-07-15 01:48:42.684 [info] Got 1 sessions for ...
2025-07-15 01:48:42.684 [info] Getting sessions for all scopes...
2025-07-15 01:48:42.684 [info] Got 1 sessions for ...
2025-07-15 01:48:42.684 [info] Getting sessions for all scopes...
2025-07-15 01:48:42.684 [info] Got 1 sessions for ...
