2025-07-16 21:34:05.466 [info] (Client) Pylance async client (2025.6.2) started with python extension (2025.10.0)
2025-07-16 21:34:06.315 [info] [Info  - 9:34:06 PM] (2976) Server root directory: file:///home/frost/.vscode/extensions/ms-python.vscode-pylance-2025.6.2/dist
2025-07-16 21:34:06.316 [info] [Info  - 9:34:06 PM] (2976) Pylance language server 2025.6.2 (pyright version 1.1.402, commit 9496ae00) starting
2025-07-16 21:34:06.332 [info] [Info  - 9:34:06 PM] (2976) Starting service instance "VS CODE FILES" for workspace "/home/frost/VS CODE FILES"
2025-07-16 21:34:06.378 [info] [Info  - 9:34:06 PM] (2976) Setting environmentName for service "VS CODE FILES": "3.13.5 (.venv venv)"
2025-07-16 21:34:06.379 [info] [Info  - 9:34:06 PM] (2976) Setting pythonPath for service "VS CODE FILES": "/home/frost/VS CODE FILES/.venv/bin/python"
2025-07-16 21:34:06.379 [info] [Info  - 9:34:06 PM] (2976) No include entries specified; assuming /home/frost/VS CODE FILES
2025-07-16 21:34:06.379 [info] [Info  - 9:34:06 PM] (2976) Auto-excluding **/node_modules
2025-07-16 21:34:06.379 [info] [Info  - 9:34:06 PM] (2976) Auto-excluding **/__pycache__
2025-07-16 21:34:06.379 [info] [Info  - 9:34:06 PM] (2976) Auto-excluding **/.*
2025-07-16 21:34:06.401 [info] [Info  - 9:34:06 PM] (2976) Assuming Python version 3.13.5.final.0
2025-07-16 21:34:06.470 [info] [Info  - 9:34:06 PM] (2976) Found 1 source file
2025-07-16 21:34:06.516 [info] [Info  - 9:34:06 PM] (2976) Setting environmentName for service "VS CODE FILES": "3.13.5 (.venv venv)"
2025-07-16 21:34:06.516 [info] [Info  - 9:34:06 PM] (2976) Setting pythonPath for service "VS CODE FILES": "/home/frost/VS CODE FILES/.venv/bin/python"
2025-07-16 21:34:06.516 [info] [Info  - 9:34:06 PM] (2976) No include entries specified; assuming /home/frost/VS CODE FILES
2025-07-16 21:34:06.516 [info] [Info  - 9:34:06 PM] (2976) Auto-excluding **/node_modules
2025-07-16 21:34:06.516 [info] [Info  - 9:34:06 PM] (2976) Auto-excluding **/__pycache__
2025-07-16 21:34:06.516 [info] [Info  - 9:34:06 PM] (2976) Auto-excluding **/.*
2025-07-16 21:34:06.540 [info] [Info  - 9:34:06 PM] (2976) Assuming Python version 3.13.5.final.0
2025-07-16 21:34:06.577 [info] [Info  - 9:34:06 PM] (2976) Found 1 source file
2025-07-16 21:34:07.050 [info] [Info  - 9:34:07 PM] (2976) BG: Priority queue background worker(2) root directory: file:///home/frost/.vscode/extensions/ms-python.vscode-pylance-2025.6.2/dist
2025-07-16 21:34:07.051 [info] [Info  - 9:34:07 PM] (2976) BG: Priority queue background worker(2) started
2025-07-16 21:34:07.231 [info] [Info  - 9:34:07 PM] (2976) BG: Indexer background runner(3) root directory: file:///home/frost/.vscode/extensions/ms-python.vscode-pylance-2025.6.2/dist (index)
2025-07-16 21:34:07.232 [info] [Info  - 9:34:07 PM] (2976) BG: Indexing(3) started
2025-07-16 21:34:07.525 [info] [Info  - 9:34:07 PM] (2976) BG: scanned(3) 8 files over 1 exec env
2025-07-16 21:34:07.615 [info] [Info  - 9:34:07 PM] (2976) BG: indexed(3) 8 files over 1 exec env
2025-07-16 21:34:07.623 [info] [Info  - 9:34:07 PM] (2976) BG: Indexing finished(3).
