2025-07-16 21:34:04.439 [info] Reading sessions from keychain...
2025-07-16 21:34:04.439 [info] Getting sessions for all scopes...
2025-07-16 21:34:04.439 [info] Got stored sessions!
2025-07-16 21:34:04.439 [info] Got 1 verified sessions.
2025-07-16 21:34:04.439 [info] Got 1 sessions for ...
2025-07-16 21:34:04.439 [info] Getting sessions for all scopes...
2025-07-16 21:34:04.439 [info] Got 1 sessions for ...
2025-07-16 21:34:04.439 [info] Getting sessions for all scopes...
2025-07-16 21:34:04.439 [info] Got 1 sessions for ...
2025-07-16 21:34:04.439 [info] Getting sessions for all scopes...
2025-07-16 21:34:04.439 [info] Got 1 sessions for ...
2025-07-16 21:34:04.439 [info] Getting sessions for user:email...
2025-07-16 21:34:04.439 [info] Got 1 sessions for user:email...
2025-07-16 21:34:04.439 [info] Getting sessions for all scopes...
2025-07-16 21:34:04.439 [info] Got 1 sessions for ...
2025-07-16 21:34:04.439 [info] Getting sessions for all scopes...
2025-07-16 21:34:04.439 [info] Got 1 sessions for ...
2025-07-16 21:34:04.439 [info] Getting sessions for all scopes...
2025-07-16 21:34:04.439 [info] Got 1 sessions for ...
2025-07-16 21:34:04.439 [info] Getting sessions for all scopes...
2025-07-16 21:34:04.439 [info] Got 1 sessions for ...
2025-07-16 21:34:04.439 [info] Getting sessions for all scopes...
2025-07-16 21:34:04.439 [info] Got 1 sessions for ...
2025-07-16 21:34:04.464 [info] Getting sessions for all scopes...
2025-07-16 21:34:04.464 [info] Got 1 sessions for ...
2025-07-16 21:34:04.464 [info] Getting sessions for all scopes...
2025-07-16 21:34:04.464 [info] Got 1 sessions for ...
2025-07-16 21:34:04.464 [info] Getting sessions for all scopes...
2025-07-16 21:34:04.464 [info] Got 1 sessions for ...
2025-07-16 21:34:04.464 [info] Getting sessions for all scopes...
2025-07-16 21:34:04.464 [info] Got 1 sessions for ...
2025-07-16 21:34:04.464 [info] Getting sessions for all scopes...
2025-07-16 21:34:04.464 [info] Got 1 sessions for ...
2025-07-16 21:34:04.464 [info] Getting sessions for all scopes...
2025-07-16 21:34:04.464 [info] Got 1 sessions for ...
2025-07-16 21:34:04.465 [info] Getting sessions for all scopes...
2025-07-16 21:34:04.465 [info] Got 1 sessions for ...
2025-07-16 21:34:06.182 [info] Getting sessions for all scopes...
2025-07-16 21:34:06.182 [info] Got 1 sessions for ...
2025-07-16 21:34:06.182 [info] Getting sessions for all scopes...
2025-07-16 21:34:06.182 [info] Got 1 sessions for ...
2025-07-16 21:34:06.190 [info] Getting sessions for all scopes...
2025-07-16 21:34:06.190 [info] Got 1 sessions for ...
