2025-07-16 01:55:54.087 [info] Reading sessions from keychain...
2025-07-16 01:55:54.087 [info] Getting sessions for all scopes...
2025-07-16 01:55:54.087 [info] Got stored sessions!
2025-07-16 01:55:54.087 [info] Got 1 verified sessions.
2025-07-16 01:55:54.087 [info] Got 1 sessions for ...
2025-07-16 01:55:54.087 [info] Getting sessions for all scopes...
2025-07-16 01:55:54.087 [info] Got 1 sessions for ...
2025-07-16 01:55:54.087 [info] Getting sessions for all scopes...
2025-07-16 01:55:54.087 [info] Got 1 sessions for ...
2025-07-16 01:55:54.087 [info] Getting sessions for all scopes...
2025-07-16 01:55:54.087 [info] Got 1 sessions for ...
2025-07-16 01:55:54.087 [info] Getting sessions for user:email...
2025-07-16 01:55:54.087 [info] Got 1 sessions for user:email...
2025-07-16 01:55:54.087 [info] Getting sessions for all scopes...
2025-07-16 01:55:54.087 [info] Got 1 sessions for ...
2025-07-16 01:55:54.087 [info] Getting sessions for all scopes...
2025-07-16 01:55:54.087 [info] Got 1 sessions for ...
2025-07-16 01:55:54.087 [info] Getting sessions for all scopes...
2025-07-16 01:55:54.087 [info] Got 1 sessions for ...
2025-07-16 01:55:54.087 [info] Getting sessions for all scopes...
2025-07-16 01:55:54.087 [info] Got 1 sessions for ...
2025-07-16 01:55:54.087 [info] Getting sessions for all scopes...
2025-07-16 01:55:54.087 [info] Got 1 sessions for ...
2025-07-16 01:55:54.087 [info] Getting sessions for all scopes...
2025-07-16 01:55:54.087 [info] Got 1 sessions for ...
2025-07-16 01:55:54.087 [info] Getting sessions for all scopes...
2025-07-16 01:55:54.087 [info] Got 1 sessions for ...
2025-07-16 01:55:54.087 [info] Getting sessions for all scopes...
2025-07-16 01:55:54.087 [info] Got 1 sessions for ...
2025-07-16 01:55:54.087 [info] Getting sessions for all scopes...
2025-07-16 01:55:54.087 [info] Got 1 sessions for ...
2025-07-16 01:55:54.087 [info] Getting sessions for all scopes...
2025-07-16 01:55:54.087 [info] Got 1 sessions for ...
2025-07-16 01:55:54.087 [info] Getting sessions for all scopes...
2025-07-16 01:55:54.087 [info] Got 1 sessions for ...
2025-07-16 01:55:54.087 [info] Getting sessions for all scopes...
2025-07-16 01:55:54.087 [info] Got 1 sessions for ...
2025-07-16 01:55:55.843 [info] Getting sessions for all scopes...
2025-07-16 01:55:55.843 [info] Got 1 sessions for ...
2025-07-16 01:55:55.844 [info] Getting sessions for all scopes...
2025-07-16 01:55:55.844 [info] Got 1 sessions for ...
2025-07-16 01:55:55.854 [info] Getting sessions for all scopes...
2025-07-16 01:55:55.854 [info] Got 1 sessions for ...
