2025-07-16 00:23:43.166 [info] Reading sessions from keychain...
2025-07-16 00:23:43.166 [info] Getting sessions for all scopes...
2025-07-16 00:23:43.166 [info] Got stored sessions!
2025-07-16 00:23:43.166 [info] Got 1 verified sessions.
2025-07-16 00:23:43.166 [info] Got 1 sessions for ...
2025-07-16 00:23:43.166 [info] Getting sessions for all scopes...
2025-07-16 00:23:43.166 [info] Got 1 sessions for ...
2025-07-16 00:23:43.166 [info] Getting sessions for all scopes...
2025-07-16 00:23:43.166 [info] Got 1 sessions for ...
2025-07-16 00:23:43.166 [info] Getting sessions for all scopes...
2025-07-16 00:23:43.166 [info] Got 1 sessions for ...
2025-07-16 00:23:43.166 [info] Getting sessions for user:email...
2025-07-16 00:23:43.166 [info] Got 1 sessions for user:email...
2025-07-16 00:23:43.166 [info] Getting sessions for all scopes...
2025-07-16 00:23:43.166 [info] Got 1 sessions for ...
2025-07-16 00:23:43.166 [info] Getting sessions for all scopes...
2025-07-16 00:23:43.166 [info] Got 1 sessions for ...
2025-07-16 00:23:43.166 [info] Getting sessions for all scopes...
2025-07-16 00:23:43.166 [info] Got 1 sessions for ...
2025-07-16 00:23:43.166 [info] Getting sessions for all scopes...
2025-07-16 00:23:43.166 [info] Got 1 sessions for ...
2025-07-16 00:23:43.166 [info] Getting sessions for all scopes...
2025-07-16 00:23:43.166 [info] Got 1 sessions for ...
2025-07-16 00:23:43.166 [info] Getting sessions for all scopes...
2025-07-16 00:23:43.166 [info] Got 1 sessions for ...
2025-07-16 00:23:43.166 [info] Getting sessions for all scopes...
2025-07-16 00:23:43.166 [info] Got 1 sessions for ...
2025-07-16 00:23:43.166 [info] Getting sessions for all scopes...
2025-07-16 00:23:43.167 [info] Got 1 sessions for ...
2025-07-16 00:23:43.167 [info] Getting sessions for all scopes...
2025-07-16 00:23:43.167 [info] Got 1 sessions for ...
2025-07-16 00:23:43.167 [info] Getting sessions for all scopes...
2025-07-16 00:23:43.167 [info] Got 1 sessions for ...
2025-07-16 00:23:43.167 [info] Getting sessions for all scopes...
2025-07-16 00:23:43.167 [info] Got 1 sessions for ...
2025-07-16 00:23:43.167 [info] Getting sessions for all scopes...
2025-07-16 00:23:43.167 [info] Got 1 sessions for ...
2025-07-16 00:23:44.963 [info] Getting sessions for all scopes...
2025-07-16 00:23:44.963 [info] Got 1 sessions for ...
2025-07-16 00:23:44.963 [info] Getting sessions for all scopes...
2025-07-16 00:23:44.963 [info] Got 1 sessions for ...
2025-07-16 00:23:44.973 [info] Getting sessions for all scopes...
2025-07-16 00:23:44.973 [info] Got 1 sessions for ...
