2025-07-15 00:29:01.328 [info] (Client) Pylance async client (2025.6.2) started with python extension (2025.10.0)
2025-07-15 00:29:02.161 [info] [Info  - 12:29:02 AM] (22917) Server root directory: file:///home/frost/.vscode/extensions/ms-python.vscode-pylance-2025.6.2/dist
2025-07-15 00:29:02.161 [info] [Info  - 12:29:02 AM] (22917) Pylance language server 2025.6.2 (pyright version 1.1.402, commit 9496ae00) starting
2025-07-15 00:29:02.177 [info] [Info  - 12:29:02 AM] (22917) Starting service instance "VS CODE FILES" for workspace "/home/frost/VS CODE FILES"
2025-07-15 00:29:02.217 [info] [Info  - 12:29:02 AM] (22917) Setting environmentName for service "VS CODE FILES": "3.13.5 (.venv venv)"
2025-07-15 00:29:02.218 [info] [Info  - 12:29:02 AM] (22917) Setting pythonPath for service "VS CODE FILES": "/home/frost/VS CODE FILES/.venv/bin/python"
2025-07-15 00:29:02.218 [info] [Info  - 12:29:02 AM] (22917) No include entries specified; assuming /home/frost/VS CODE FILES
2025-07-15 00:29:02.218 [info] [Info  - 12:29:02 AM] (22917) Auto-excluding **/node_modules
2025-07-15 00:29:02.218 [info] [Info  - 12:29:02 AM] (22917) Auto-excluding **/__pycache__
2025-07-15 00:29:02.219 [info] [Info  - 12:29:02 AM] (22917) Auto-excluding **/.*
2025-07-15 00:29:02.240 [info] [Info  - 12:29:02 AM] (22917) Assuming Python version 3.13.5.final.0
2025-07-15 00:29:02.310 [info] [Info  - 12:29:02 AM] (22917) Found 1 source file
2025-07-15 00:29:02.339 [info] [Info  - 12:29:02 AM] (22917) Setting environmentName for service "VS CODE FILES": "3.13.5 (.venv venv)"
2025-07-15 00:29:02.339 [info] [Info  - 12:29:02 AM] (22917) Setting pythonPath for service "VS CODE FILES": "/home/frost/VS CODE FILES/.venv/bin/python"
2025-07-15 00:29:02.339 [info] [Info  - 12:29:02 AM] (22917) No include entries specified; assuming /home/frost/VS CODE FILES
2025-07-15 00:29:02.339 [info] [Info  - 12:29:02 AM] (22917) Auto-excluding **/node_modules
2025-07-15 00:29:02.339 [info] [Info  - 12:29:02 AM] (22917) Auto-excluding **/__pycache__
2025-07-15 00:29:02.339 [info] [Info  - 12:29:02 AM] (22917) Auto-excluding **/.*
2025-07-15 00:29:02.373 [info] [Info  - 12:29:02 AM] (22917) Assuming Python version 3.13.5.final.0
2025-07-15 00:29:02.436 [info] [Info  - 12:29:02 AM] (22917) Found 1 source file
2025-07-15 00:29:02.956 [info] [Info  - 12:29:02 AM] (22917) BG: Priority queue background worker(2) root directory: file:///home/frost/.vscode/extensions/ms-python.vscode-pylance-2025.6.2/dist
2025-07-15 00:29:02.957 [info] [Info  - 12:29:02 AM] (22917) BG: Priority queue background worker(2) started
2025-07-15 00:29:03.096 [info] [Info  - 12:29:03 AM] (22917) BG: Indexer background runner(3) root directory: file:///home/frost/.vscode/extensions/ms-python.vscode-pylance-2025.6.2/dist (index)
2025-07-15 00:29:03.096 [info] [Info  - 12:29:03 AM] (22917) BG: Indexing(3) started
2025-07-15 00:29:03.347 [info] [Info  - 12:29:03 AM] (22917) BG: scanned(3) 8 files over 1 exec env
2025-07-15 00:29:03.444 [info] [Info  - 12:29:03 AM] (22917) BG: indexed(3) 8 files over 1 exec env
2025-07-15 00:29:03.452 [info] [Info  - 12:29:03 AM] (22917) BG: Indexing finished(3).
