2025-07-18 01:47:57.791 [info] Reading sessions from keychain...
2025-07-18 01:47:57.791 [info] Getting sessions for all scopes...
2025-07-18 01:47:57.791 [info] Got stored sessions!
2025-07-18 01:47:57.791 [info] Got 1 verified sessions.
2025-07-18 01:47:57.791 [info] Got 1 sessions for ...
2025-07-18 01:47:57.791 [info] Getting sessions for all scopes...
2025-07-18 01:47:57.791 [info] Got 1 sessions for ...
2025-07-18 01:47:57.791 [info] Getting sessions for all scopes...
2025-07-18 01:47:57.791 [info] Got 1 sessions for ...
2025-07-18 01:47:57.791 [info] Getting sessions for all scopes...
2025-07-18 01:47:57.791 [info] Got 1 sessions for ...
2025-07-18 01:47:57.791 [info] Getting sessions for user:email...
2025-07-18 01:47:57.791 [info] Got 1 sessions for user:email...
2025-07-18 01:47:57.791 [info] Getting sessions for all scopes...
2025-07-18 01:47:57.791 [info] Got 1 sessions for ...
2025-07-18 01:47:57.791 [info] Getting sessions for all scopes...
2025-07-18 01:47:57.791 [info] Got 1 sessions for ...
2025-07-18 01:47:57.791 [info] Getting sessions for all scopes...
2025-07-18 01:47:57.791 [info] Got 1 sessions for ...
2025-07-18 01:47:57.791 [info] Getting sessions for all scopes...
2025-07-18 01:47:57.791 [info] Got 1 sessions for ...
2025-07-18 01:47:57.791 [info] Getting sessions for all scopes...
2025-07-18 01:47:57.791 [info] Got 1 sessions for ...
2025-07-18 01:47:57.791 [info] Getting sessions for all scopes...
2025-07-18 01:47:57.791 [info] Got 1 sessions for ...
2025-07-18 01:47:57.791 [info] Getting sessions for all scopes...
2025-07-18 01:47:57.791 [info] Got 1 sessions for ...
2025-07-18 01:47:57.791 [info] Getting sessions for all scopes...
2025-07-18 01:47:57.791 [info] Got 1 sessions for ...
2025-07-18 01:47:57.791 [info] Getting sessions for all scopes...
2025-07-18 01:47:57.791 [info] Got 1 sessions for ...
2025-07-18 01:47:57.791 [info] Getting sessions for all scopes...
2025-07-18 01:47:57.791 [info] Got 1 sessions for ...
2025-07-18 01:47:57.791 [info] Getting sessions for all scopes...
2025-07-18 01:47:57.791 [info] Got 1 sessions for ...
2025-07-18 01:47:57.791 [info] Getting sessions for all scopes...
2025-07-18 01:47:57.791 [info] Got 1 sessions for ...
2025-07-18 01:47:59.544 [info] Getting sessions for all scopes...
2025-07-18 01:47:59.544 [info] Got 1 sessions for ...
2025-07-18 01:47:59.544 [info] Getting sessions for all scopes...
2025-07-18 01:47:59.544 [info] Got 1 sessions for ...
2025-07-18 01:47:59.547 [info] Getting sessions for all scopes...
2025-07-18 01:47:59.547 [info] Got 1 sessions for ...
