2025-07-18 01:48:07.744 [info] Reading sessions from keychain...
2025-07-18 01:48:07.744 [info] Getting sessions for all scopes...
2025-07-18 01:48:07.744 [info] Got stored sessions!
2025-07-18 01:48:07.744 [info] Got 1 verified sessions.
2025-07-18 01:48:07.744 [info] Got 1 sessions for ...
2025-07-18 01:48:07.744 [info] Getting sessions for all scopes...
2025-07-18 01:48:07.744 [info] Got 1 sessions for ...
2025-07-18 01:48:07.744 [info] Getting sessions for all scopes...
2025-07-18 01:48:07.744 [info] Got 1 sessions for ...
2025-07-18 01:48:07.744 [info] Getting sessions for all scopes...
2025-07-18 01:48:07.744 [info] Got 1 sessions for ...
2025-07-18 01:48:07.744 [info] Getting sessions for all scopes...
2025-07-18 01:48:07.744 [info] Got 1 sessions for ...
2025-07-18 01:48:07.744 [info] Getting sessions for all scopes...
2025-07-18 01:48:07.744 [info] Got 1 sessions for ...
2025-07-18 01:48:07.744 [info] Getting sessions for all scopes...
2025-07-18 01:48:07.744 [info] Got 1 sessions for ...
2025-07-18 01:48:07.744 [info] Getting sessions for all scopes...
2025-07-18 01:48:07.744 [info] Got 1 sessions for ...
2025-07-18 01:48:07.744 [info] Getting sessions for all scopes...
2025-07-18 01:48:07.744 [info] Got 1 sessions for ...
2025-07-18 01:48:07.744 [info] Getting sessions for all scopes...
2025-07-18 01:48:07.744 [info] Got 1 sessions for ...
2025-07-18 01:48:07.744 [info] Getting sessions for all scopes...
2025-07-18 01:48:07.744 [info] Got 1 sessions for ...
2025-07-18 01:48:07.744 [info] Getting sessions for all scopes...
2025-07-18 01:48:07.744 [info] Got 1 sessions for ...
2025-07-18 01:48:07.744 [info] Getting sessions for all scopes...
2025-07-18 01:48:07.744 [info] Got 1 sessions for ...
2025-07-18 01:48:07.744 [info] Getting sessions for all scopes...
2025-07-18 01:48:07.744 [info] Got 1 sessions for ...
2025-07-18 01:48:07.744 [info] Getting sessions for all scopes...
2025-07-18 01:48:07.744 [info] Got 1 sessions for ...
2025-07-18 01:48:07.812 [info] Getting sessions for user:email...
2025-07-18 01:48:07.813 [info] Got 1 sessions for user:email...
2025-07-18 01:48:07.967 [info] Getting sessions for all scopes...
2025-07-18 01:48:07.967 [info] Got 1 sessions for ...
2025-07-18 01:48:09.709 [info] Getting sessions for all scopes...
2025-07-18 01:48:09.709 [info] Got 1 sessions for ...
2025-07-18 01:48:09.709 [info] Getting sessions for all scopes...
2025-07-18 01:48:09.709 [info] Got 1 sessions for ...
2025-07-18 01:48:09.720 [info] Getting sessions for all scopes...
2025-07-18 01:48:09.720 [info] Got 1 sessions for ...
