2025-07-15 00:29:00.130 [info] Reading sessions from keychain...
2025-07-15 00:29:00.130 [info] Getting sessions for all scopes...
2025-07-15 00:29:00.130 [info] Got stored sessions!
2025-07-15 00:29:00.130 [info] Got 1 verified sessions.
2025-07-15 00:29:00.130 [info] Got 1 sessions for ...
2025-07-15 00:29:00.130 [info] Getting sessions for all scopes...
2025-07-15 00:29:00.130 [info] Got 1 sessions for ...
2025-07-15 00:29:00.130 [info] Getting sessions for all scopes...
2025-07-15 00:29:00.130 [info] Got 1 sessions for ...
2025-07-15 00:29:00.130 [info] Getting sessions for all scopes...
2025-07-15 00:29:00.130 [info] Got 1 sessions for ...
2025-07-15 00:29:00.130 [info] Getting sessions for user:email...
2025-07-15 00:29:00.130 [info] Got 1 sessions for user:email...
2025-07-15 00:29:00.130 [info] Getting sessions for all scopes...
2025-07-15 00:29:00.130 [info] Got 1 sessions for ...
2025-07-15 00:29:00.130 [info] Getting sessions for all scopes...
2025-07-15 00:29:00.130 [info] Got 1 sessions for ...
2025-07-15 00:29:00.130 [info] Getting sessions for all scopes...
2025-07-15 00:29:00.130 [info] Got 1 sessions for ...
2025-07-15 00:29:00.130 [info] Getting sessions for all scopes...
2025-07-15 00:29:00.130 [info] Got 1 sessions for ...
2025-07-15 00:29:00.130 [info] Getting sessions for all scopes...
2025-07-15 00:29:00.130 [info] Got 1 sessions for ...
2025-07-15 00:29:00.161 [info] Getting sessions for all scopes...
2025-07-15 00:29:00.161 [info] Got 1 sessions for ...
2025-07-15 00:29:00.162 [info] Getting sessions for all scopes...
2025-07-15 00:29:00.162 [info] Got 1 sessions for ...
2025-07-15 00:29:00.162 [info] Getting sessions for all scopes...
2025-07-15 00:29:00.162 [info] Got 1 sessions for ...
2025-07-15 00:29:00.162 [info] Getting sessions for all scopes...
2025-07-15 00:29:00.162 [info] Got 1 sessions for ...
2025-07-15 00:29:00.162 [info] Getting sessions for all scopes...
2025-07-15 00:29:00.162 [info] Got 1 sessions for ...
2025-07-15 00:29:00.162 [info] Getting sessions for all scopes...
2025-07-15 00:29:00.162 [info] Got 1 sessions for ...
2025-07-15 00:29:00.611 [info] Getting sessions for all scopes...
2025-07-15 00:29:00.611 [info] Got 1 sessions for ...
2025-07-15 00:29:01.762 [info] Getting sessions for all scopes...
2025-07-15 00:29:01.763 [info] Got 1 sessions for ...
2025-07-15 00:29:01.763 [info] Getting sessions for all scopes...
2025-07-15 00:29:01.763 [info] Got 1 sessions for ...
2025-07-15 00:29:01.769 [info] Getting sessions for all scopes...
2025-07-15 00:29:01.769 [info] Got 1 sessions for ...
