2025-07-16 21:34:04.503 [error] #1: https://api.github.com/copilot_internal/user - error GET Offline
2025-07-16 21:34:04.504 [error] #2: https://api.github.com/copilot_internal/user - error GET Offline
2025-07-16 21:34:04.504 [error] #3: https://api.github.com/copilot_internal/v2/token - error GET Offline
2025-07-16 21:34:06.140 [error] #4: https://marketplace.visualstudio.com/_apis/public/gallery/vscode/arcticicestudio/nord-visual-studio-code/latest - error GET Offline
2025-07-16 21:34:06.143 [error] #10: https://marketplace.visualstudio.com/_apis/public/gallery/vscode/ms-python/black-formatter/latest - error GET Offline
2025-07-16 21:34:06.144 [error] #5: https://marketplace.visualstudio.com/_apis/public/gallery/vscode/dracula-theme/theme-dracula/latest - error GET Offline
2025-07-16 21:34:06.144 [error] #6: https://marketplace.visualstudio.com/_apis/public/gallery/vscode/ibmlover/oxocarbon/latest - error GET Offline
2025-07-16 21:34:06.145 [error] #7: https://marketplace.visualstudio.com/_apis/public/gallery/vscode/jdinhlife/gruvbox/latest - error GET Offline
2025-07-16 21:34:06.145 [error] #8: https://marketplace.visualstudio.com/_apis/public/gallery/vscode/liviuschera/noctis/latest - error GET Offline
2025-07-16 21:34:06.145 [error] #9: https://marketplace.visualstudio.com/_apis/public/gallery/vscode/mechatroner/rainbow-csv/latest - error GET Offline
2025-07-16 21:34:06.158 [error] #11: https://marketplace.visualstudio.com/_apis/public/gallery/vscode/ms-python/debugpy/latest - error GET Offline
2025-07-16 21:34:06.159 [error] #12: https://marketplace.visualstudio.com/_apis/public/gallery/vscode/ms-python/pylint/latest - error GET Offline
2025-07-16 21:34:06.159 [error] #13: https://marketplace.visualstudio.com/_apis/public/gallery/vscode/ms-python/python/latest - error GET Offline
2025-07-16 21:34:06.160 [error] #14: https://marketplace.visualstudio.com/_apis/public/gallery/vscode/ms-python/vscode-pylance/latest - error GET Offline
2025-07-16 21:34:06.160 [error] #15: https://marketplace.visualstudio.com/_apis/public/gallery/vscode/ms-vscode-remote/remote-wsl/latest - error GET Offline
2025-07-16 21:34:06.161 [error] #16: https://marketplace.visualstudio.com/_apis/public/gallery/vscode/ms-vscode/remote-explorer/latest - error GET Offline
2025-07-16 21:34:06.161 [error] #17: https://marketplace.visualstudio.com/_apis/public/gallery/vscode/ms-vscode/remote-server/latest - error GET Offline
2025-07-16 21:34:06.161 [error] #18: https://marketplace.visualstudio.com/_apis/public/gallery/vscode/pkief/material-icon-theme/latest - error GET Offline
2025-07-16 21:34:06.162 [error] #19: https://marketplace.visualstudio.com/_apis/public/gallery/vscode/robbowen/synthwave-vscode/latest - error GET Offline
2025-07-16 21:34:06.162 [error] #20: https://marketplace.visualstudio.com/_apis/public/gallery/vscode/vscodevim/vim/latest - error GET Offline
2025-07-16 21:34:06.162 [error] #21: https://main.vscode-cdn.net/extensions/chat.json - error GET Offline
2025-07-16 21:34:06.163 [error] #22: https://www.vscode-unpkg.net/_gallery/arcticicestudio/nord-visual-studio-code/latest - error GET Offline
2025-07-16 21:34:06.163 [error] #27: https://www.vscode-unpkg.net/_gallery/liviuschera/noctis/latest - error GET Offline
2025-07-16 21:34:06.164 [error] #28: https://www.vscode-unpkg.net/_gallery/mechatroner/rainbow-csv/latest - error GET Offline
2025-07-16 21:34:06.164 [error] #23: https://www.vscode-unpkg.net/_gallery/ms-python/black-formatter/latest - error GET Offline
2025-07-16 21:34:06.164 [error] #26: https://www.vscode-unpkg.net/_gallery/jdinhlife/gruvbox/latest - error GET Offline
2025-07-16 21:34:06.164 [error] #24: https://www.vscode-unpkg.net/_gallery/dracula-theme/theme-dracula/latest - error GET Offline
2025-07-16 21:34:06.165 [error] #25: https://www.vscode-unpkg.net/_gallery/ibmlover/oxocarbon/latest - error GET Offline
2025-07-16 21:34:06.169 [error] #29: https://www.vscode-unpkg.net/_gallery/ms-python/debugpy/latest - error GET Offline
2025-07-16 21:34:06.170 [error] #30: https://www.vscode-unpkg.net/_gallery/ms-python/pylint/latest - error GET Offline
2025-07-16 21:34:06.170 [error] #31: https://www.vscode-unpkg.net/_gallery/ms-python/python/latest - error GET Offline
2025-07-16 21:34:06.171 [error] #32: https://www.vscode-unpkg.net/_gallery/ms-python/vscode-pylance/latest - error GET Offline
2025-07-16 21:34:06.171 [error] #34: https://www.vscode-unpkg.net/_gallery/ms-vscode/remote-explorer/latest - error GET Offline
2025-07-16 21:34:06.171 [error] #35: https://www.vscode-unpkg.net/_gallery/ms-vscode/remote-server/latest - error GET Offline
2025-07-16 21:34:06.171 [error] #36: https://www.vscode-unpkg.net/_gallery/pkief/material-icon-theme/latest - error GET Offline
2025-07-16 21:34:06.172 [error] #37: https://www.vscode-unpkg.net/_gallery/robbowen/synthwave-vscode/latest - error GET Offline
2025-07-16 21:34:06.172 [error] #38: https://www.vscode-unpkg.net/_gallery/vscodevim/vim/latest - error GET Offline
2025-07-16 21:34:06.172 [error] #33: https://www.vscode-unpkg.net/_gallery/ms-vscode-remote/remote-wsl/latest - error GET Offline
2025-07-16 21:34:06.177 [error] #39: https://marketplace.visualstudio.com/_apis/public/gallery/extensionquery - error POST Offline
