2025-07-16 21:34:03.346 [warning] Via 'product.json#extensionEnabledApiProposals' extension 'ms-vsliveshare.vsliveshare' wants API proposal 'notebookCellExecutionState' but that proposal DOES NOT EXIST. Likely, the proposal has been finalized (check 'vscode.d.ts') or was abandoned.
2025-07-16 21:34:03.357 [warning] Via 'product.json#extensionEnabledApiProposals' extension 'ms-python.gather' wants API proposal 'notebookCellExecutionState' but that proposal DOES NOT EXIST. Likely, the proposal has been finalized (check 'vscode.d.ts') or was abandoned.
2025-07-16 21:34:03.357 [warning] Via 'product.json#extensionEnabledApiProposals' extension 'ms-python.vscode-pylance' wants API proposal 'mcpConfigurationProvider' but that proposal DOES NOT EXIST. Likely, the proposal has been finalized (check 'vscode.d.ts') or was abandoned.
2025-07-16 21:34:03.694 [info] Started local extension host with pid 2841.
2025-07-16 21:34:03.906 [error] Extension 'ms-python.vscode-pylance' wants API proposal 'mcpConfigurationProvider' but that proposal DOES NOT EXIST. Likely, the proposal has been finalized (check 'vscode.d.ts') or was abandoned.
2025-07-16 21:34:04.489 [info] Settings Sync: Account status changed from uninitialized to available
2025-07-16 21:34:04.504 [error] [chat entitlement] request: error Offline: Offline
2025-07-16 21:34:04.504 [error] Failed to fetch entitlements Offline
2025-07-16 21:34:04.504 [error] Failed to fetch token entitlements Offline
2025-07-16 21:34:06.140 [error] Error while getting the latest version for the extension arcticicestudio.nord-visual-studio-code from https://marketplace.visualstudio.com/_apis/public/gallery/vscode/{publisher}/{name}/latest. Trying the fallback https://www.vscode-unpkg.net/_gallery/{publisher}/{name}/latest Offline
2025-07-16 21:34:06.143 [error] Error while getting the latest version for the extension ms-python.black-formatter from https://marketplace.visualstudio.com/_apis/public/gallery/vscode/{publisher}/{name}/latest. Trying the fallback https://www.vscode-unpkg.net/_gallery/{publisher}/{name}/latest Offline
2025-07-16 21:34:06.144 [error] Error while getting the latest version for the extension dracula-theme.theme-dracula from https://marketplace.visualstudio.com/_apis/public/gallery/vscode/{publisher}/{name}/latest. Trying the fallback https://www.vscode-unpkg.net/_gallery/{publisher}/{name}/latest Offline
2025-07-16 21:34:06.144 [error] Error while getting the latest version for the extension ibmlover.oxocarbon from https://marketplace.visualstudio.com/_apis/public/gallery/vscode/{publisher}/{name}/latest. Trying the fallback https://www.vscode-unpkg.net/_gallery/{publisher}/{name}/latest Offline
2025-07-16 21:34:06.145 [error] Error while getting the latest version for the extension jdinhlife.gruvbox from https://marketplace.visualstudio.com/_apis/public/gallery/vscode/{publisher}/{name}/latest. Trying the fallback https://www.vscode-unpkg.net/_gallery/{publisher}/{name}/latest Offline
2025-07-16 21:34:06.145 [error] Error while getting the latest version for the extension liviuschera.noctis from https://marketplace.visualstudio.com/_apis/public/gallery/vscode/{publisher}/{name}/latest. Trying the fallback https://www.vscode-unpkg.net/_gallery/{publisher}/{name}/latest Offline
2025-07-16 21:34:06.145 [error] Error while getting the latest version for the extension mechatroner.rainbow-csv from https://marketplace.visualstudio.com/_apis/public/gallery/vscode/{publisher}/{name}/latest. Trying the fallback https://www.vscode-unpkg.net/_gallery/{publisher}/{name}/latest Offline
2025-07-16 21:34:06.158 [error] Error while getting the latest version for the extension ms-python.debugpy from https://marketplace.visualstudio.com/_apis/public/gallery/vscode/{publisher}/{name}/latest. Trying the fallback https://www.vscode-unpkg.net/_gallery/{publisher}/{name}/latest Offline
2025-07-16 21:34:06.159 [error] Error while getting the latest version for the extension ms-python.pylint from https://marketplace.visualstudio.com/_apis/public/gallery/vscode/{publisher}/{name}/latest. Trying the fallback https://www.vscode-unpkg.net/_gallery/{publisher}/{name}/latest Offline
2025-07-16 21:34:06.159 [error] Error while getting the latest version for the extension ms-python.python from https://marketplace.visualstudio.com/_apis/public/gallery/vscode/{publisher}/{name}/latest. Trying the fallback https://www.vscode-unpkg.net/_gallery/{publisher}/{name}/latest Offline
2025-07-16 21:34:06.160 [error] Error while getting the latest version for the extension ms-python.vscode-pylance from https://marketplace.visualstudio.com/_apis/public/gallery/vscode/{publisher}/{name}/latest. Trying the fallback https://www.vscode-unpkg.net/_gallery/{publisher}/{name}/latest Offline
2025-07-16 21:34:06.160 [error] Error while getting the latest version for the extension ms-vscode-remote.remote-wsl from https://marketplace.visualstudio.com/_apis/public/gallery/vscode/{publisher}/{name}/latest. Trying the fallback https://www.vscode-unpkg.net/_gallery/{publisher}/{name}/latest Offline
2025-07-16 21:34:06.161 [error] Error while getting the latest version for the extension ms-vscode.remote-explorer from https://marketplace.visualstudio.com/_apis/public/gallery/vscode/{publisher}/{name}/latest. Trying the fallback https://www.vscode-unpkg.net/_gallery/{publisher}/{name}/latest Offline
2025-07-16 21:34:06.161 [error] Error while getting the latest version for the extension ms-vscode.remote-server from https://marketplace.visualstudio.com/_apis/public/gallery/vscode/{publisher}/{name}/latest. Trying the fallback https://www.vscode-unpkg.net/_gallery/{publisher}/{name}/latest Offline
2025-07-16 21:34:06.161 [error] Error while getting the latest version for the extension pkief.material-icon-theme from https://marketplace.visualstudio.com/_apis/public/gallery/vscode/{publisher}/{name}/latest. Trying the fallback https://www.vscode-unpkg.net/_gallery/{publisher}/{name}/latest Offline
2025-07-16 21:34:06.162 [error] Error while getting the latest version for the extension robbowen.synthwave-vscode from https://marketplace.visualstudio.com/_apis/public/gallery/vscode/{publisher}/{name}/latest. Trying the fallback https://www.vscode-unpkg.net/_gallery/{publisher}/{name}/latest Offline
2025-07-16 21:34:06.162 [error] Error while getting the latest version for the extension vscodevim.vim from https://marketplace.visualstudio.com/_apis/public/gallery/vscode/{publisher}/{name}/latest. Trying the fallback https://www.vscode-unpkg.net/_gallery/{publisher}/{name}/latest Offline
2025-07-16 21:34:06.162 [warning] Failed to fetch chat participant registry Offline
2025-07-16 21:34:06.163 [error] Error while getting the latest version for the extension arcticicestudio.nord-visual-studio-code. Offline
2025-07-16 21:34:06.163 [error] Error while getting the latest version for the extension liviuschera.noctis. Offline
2025-07-16 21:34:06.164 [error] Error while getting the latest version for the extension mechatroner.rainbow-csv. Offline
2025-07-16 21:34:06.164 [error] Error while getting the latest version for the extension ms-python.black-formatter. Offline
2025-07-16 21:34:06.164 [error] Error while getting the latest version for the extension jdinhlife.gruvbox. Offline
2025-07-16 21:34:06.165 [error] Error while getting the latest version for the extension dracula-theme.theme-dracula. Offline
2025-07-16 21:34:06.165 [error] Error while getting the latest version for the extension ibmlover.oxocarbon. Offline
2025-07-16 21:34:06.170 [error] Error while getting the latest version for the extension ms-python.debugpy. Offline
2025-07-16 21:34:06.170 [error] Error while getting the latest version for the extension ms-python.pylint. Offline
2025-07-16 21:34:06.170 [error] Error while getting the latest version for the extension ms-python.python. Offline
2025-07-16 21:34:06.171 [error] Error while getting the latest version for the extension ms-python.vscode-pylance. Offline
2025-07-16 21:34:06.171 [error] Error while getting the latest version for the extension ms-vscode.remote-explorer. Offline
2025-07-16 21:34:06.171 [error] Error while getting the latest version for the extension ms-vscode.remote-server. Offline
2025-07-16 21:34:06.171 [error] Error while getting the latest version for the extension pkief.material-icon-theme. Offline
2025-07-16 21:34:06.172 [error] Error while getting the latest version for the extension robbowen.synthwave-vscode. Offline
2025-07-16 21:34:06.172 [error] Error while getting the latest version for the extension vscodevim.vim. Offline
2025-07-16 21:34:06.172 [error] Error while getting the latest version for the extension ms-vscode-remote.remote-wsl. Offline
2025-07-16 21:34:06.329 [info] [perf] Render performance baseline is 18ms
